<?xml version="1.0" encoding="UTF-8"?><testrun duration="11564" footerText="Generated by IntelliJ IDEA on 16/11/18 12:56 AM" name="Scenario: Login with correct username and password (1)">
    <count name="total" value="4"/>
    <count name="failed" value="1"/>
    <count name="passed" value="3"/>
    <config nameIsGenerated="true" configId="CucumberJavaRunConfigurationType" name="Scenario: Login with correct username and password (1)">
        <option name="CUCUMBER_CORE_VERSION" value="1.2"/>
        <option name="FILE_PATH" value="C:/Users/Admin/IdeaProjects/CucumberBasics/src/test/java/Features/Login.feature"/>
        <option name="GLUE" value="Steps"/>
        <option name="MAIN_CLASS_NAME" value="cucumber.api.cli.Main"/>
        <module name="CucumberBasics"/>
        <option name="NAME_FILTER" value="^Login with correct username and password$"/>
        <option name="PROGRAM_PARAMETERS" value=" --plugin org.jetbrains.plugins.cucumber.java.run.CucumberJvmSMFormatter --monochrome --name &quot;^Login with correct username and password$&quot;"/>
        <option name="SUGGESTED_NAME" value="Scenario: Login with correct username and password"/>
        <extension name="coverage">
            <pattern>
                <option name="PATTERN" value="cucumber.api.cli.*"/>
                <option name="ENABLED" value="true"/>
            </pattern>
        </extension>
    </config>
    <suite duration="11564" locationUrl="file://file://C:\Users\Admin\IdeaProjects\CucumberBasics\src\test\java\Features\C:/Users/Admin/IdeaProjects/CucumberBasics/src/test/java/Features/Login.feature:1" name="Feature: LoginFeature" status="failed">
        <suite duration="11564" locationUrl="file://file://C:\Users\Admin\IdeaProjects\CucumberBasics\src\test\java\Features\C:/Users/Admin/IdeaProjects/CucumberBasics/src/test/java/Features/Login.feature:4" name="Scenario: Login with correct username and password" status="failed">
            <test duration="94" locationUrl="file://C:\Users\Admin\IdeaProjects\CucumberBasics\src\test\java\Features\C:/Users/Admin/IdeaProjects/CucumberBasics/src/test/java/Features/Login.feature:5" name="Given  I navigate to login page" status="passed"/>
            <test duration="3" locationUrl="file://C:\Users\Admin\IdeaProjects\CucumberBasics\src\test\java\Features\C:/Users/Admin/IdeaProjects/CucumberBasics/src/test/java/Features/Login.feature:6" name="And  I enter username as &quot;admin&quot; and password as &quot;adminpassword&quot;" status="passed"/>
            <test duration="0" locationUrl="file://C:\Users\Admin\IdeaProjects\CucumberBasics\src\test\java\Features\C:/Users/Admin/IdeaProjects/CucumberBasics/src/test/java/Features/Login.feature:7" name="And  I click on login button" status="passed"/>
            <test duration="11467" locationUrl="file://C:\Users\Admin\IdeaProjects\CucumberBasics\src\test\java\Features\C:/Users/Admin/IdeaProjects/CucumberBasics/src/test/java/Features/Login.feature:8" name="Then  I should see the userform page" status="failed">
                <output type="stdout">4 Steps (1 failed, 3 passed)
0m11.566s
org.openqa.selenium.WebDriverException: unknown error: cannot focus element
  (Session info: chrome=70.0.3538.102)
  (Driver info: chromedriver=2.43.600210 (68dcf5eebde37173d4027fa8635e332711d2874a),platform=Windows NT 10.0.17134 x86_64) (WARNING: The server did not provide any stacktrace information)
Command duration or timeout: 0 milliseconds
Build info: version: &amp;#39;3.141.59&amp;#39;, revision: &amp;#39;e82be7d358&amp;#39;, time: &amp;#39;2018-11-14T08:17:03&amp;#39;
System info: host: &amp;#39;NODE1282&amp;#39;, ip: &amp;#39;10.210.1.189&amp;#39;, os.name: &amp;#39;Windows 10&amp;#39;, os.arch: &amp;#39;amd64&amp;#39;, os.version: &amp;#39;10.0&amp;#39;, java.version: &amp;#39;1.8.0_191&amp;#39;
Driver info: org.openqa.selenium.chrome.ChromeDriver
Capabilities {acceptInsecureCerts: false, acceptSslCerts: false, applicationCacheEnabled: false, browserConnectionEnabled: false, browserName: chrome, chrome: {chromedriverVersion: 2.43.600210 (68dcf5eebde371..., userDataDir: C:\Users\Admin\AppData\Loca...}, cssSelectorsEnabled: true, databaseEnabled: false, goog:chromeOptions: {debuggerAddress: localhost:59678}, handlesAlerts: true, hasTouchScreen: false, javascriptEnabled: true, locationContextEnabled: true, mobileEmulationEnabled: false, nativeEvents: true, networkConnectionEnabled: false, pageLoadStrategy: normal, platform: XP, platformName: XP, rotatable: false, setWindowRect: true, takesHeapSnapshot: true, takesScreenshot: true, unexpectedAlertBehaviour: , unhandledPromptBehavior: , version: 70.0.3538.102, webStorageEnabled: true}
Session ID: 1afe61e13f65662097efcf63050f3408
	at sun.reflect.NativeConstructorAccessorImpl.newInstance0(Native Method)
	at sun.reflect.NativeConstructorAccessorImpl.newInstance(NativeConstructorAccessorImpl.java:62)
	at sun.reflect.DelegatingConstructorAccessorImpl.newInstance(DelegatingConstructorAccessorImpl.java:45)
	at java.lang.reflect.Constructor.newInstance(Constructor.java:423)
	at org.openqa.selenium.remote.ErrorHandler.createThrowable(ErrorHandler.java:214)
	at org.openqa.selenium.remote.ErrorHandler.throwIfResponseFailed(ErrorHandler.java:166)
	at org.openqa.selenium.remote.http.JsonHttpResponseCodec.reconstructValue(JsonHttpResponseCodec.java:40)
	at org.openqa.selenium.remote.http.AbstractHttpResponseCodec.decode(AbstractHttpResponseCodec.java:80)
	at org.openqa.selenium.remote.http.AbstractHttpResponseCodec.decode(AbstractHttpResponseCodec.java:44)
	at org.openqa.selenium.remote.HttpCommandExecutor.execute(HttpCommandExecutor.java:158)
	at org.openqa.selenium.remote.service.DriverCommandExecutor.execute(DriverCommandExecutor.java:83)
	at org.openqa.selenium.remote.RemoteWebDriver.execute(RemoteWebDriver.java:552)
	at org.openqa.selenium.remote.RemoteWebElement.execute(RemoteWebElement.java:285)
	at org.openqa.selenium.remote.RemoteWebElement.sendKeys(RemoteWebElement.java:106)
	at Steps.LoginStep.iShouldSeeTheUserformPage(LoginStep.java:22)
	at ?.Then I should see the userform page(C:/Users/Admin/IdeaProjects/CucumberBasics/src/test/java/Features/Login.feature:8)
</output>
                <output type="stderr">org.openqa.selenium.WebDriverException: unknown error: cannot focus element
(Session info: chrome=70.0.3538.102)
  (Driver info: chromedriver=2.43.600210 (68dcf5eebde37173d4027fa8635e332711d2874a),platform=Windows NT 10.0.17134 x86_64) (WARNING: The server did not provide any stacktrace information)
Command duration or timeout: 0 milliseconds
Build info: version: &amp;#39;3.141.59&amp;#39;, revision: &amp;#39;e82be7d358&amp;#39;, time: &amp;#39;2018-11-14T08:17:03&amp;#39;
System info: host: &amp;#39;NODE1282&amp;#39;, ip: &amp;#39;10.210.1.189&amp;#39;, os.name: &amp;#39;Windows 10&amp;#39;, os.arch: &amp;#39;amd64&amp;#39;, os.version: &amp;#39;10.0&amp;#39;, java.version: &amp;#39;1.8.0_191&amp;#39;
Driver info: org.openqa.selenium.chrome.ChromeDriver
Capabilities {acceptInsecureCerts: false, acceptSslCerts: false, applicationCacheEnabled: false, browserConnectionEnabled: false, browserName: chrome, chrome: {chromedriverVersion: 2.43.600210 (68dcf5eebde371..., userDataDir: C:\Users\Admin\AppData\Loca...}, cssSelectorsEnabled: true, databaseEnabled: false, goog:chromeOptions: {debuggerAddress: localhost:59678}, handlesAlerts: true, hasTouchScreen: false, javascriptEnabled: true, locationContextEnabled: true, mobileEmulationEnabled: false, nativeEvents: true, networkConnectionEnabled: false, pageLoadStrategy: normal, platform: XP, platformName: XP, rotatable: false, setWindowRect: true, takesHeapSnapshot: true, takesScreenshot: true, unexpectedAlertBehaviour: , unhandledPromptBehavior: , version: 70.0.3538.102, webStorageEnabled: true}
Session ID: 1afe61e13f65662097efcf63050f3408
  at sun.reflect.NativeConstructorAccessorImpl.newInstance0(Native Method)
  at sun.reflect.NativeConstructorAccessorImpl.newInstance(NativeConstructorAccessorImpl.java:62)
  at sun.reflect.DelegatingConstructorAccessorImpl.newInstance(DelegatingConstructorAccessorImpl.java:45)
  at java.lang.reflect.Constructor.newInstance(Constructor.java:423)
  at org.openqa.selenium.remote.ErrorHandler.createThrowable(ErrorHandler.java:214)
  at org.openqa.selenium.remote.ErrorHandler.throwIfResponseFailed(ErrorHandler.java:166)
  at org.openqa.selenium.remote.http.JsonHttpResponseCodec.reconstructValue(JsonHttpResponseCodec.java:40)
  at org.openqa.selenium.remote.http.AbstractHttpResponseCodec.decode(AbstractHttpResponseCodec.java:80)
  at org.openqa.selenium.remote.http.AbstractHttpResponseCodec.decode(AbstractHttpResponseCodec.java:44)
  at org.openqa.selenium.remote.HttpCommandExecutor.execute(HttpCommandExecutor.java:158)
  at org.openqa.selenium.remote.service.DriverCommandExecutor.execute(DriverCommandExecutor.java:83)
  at org.openqa.selenium.remote.RemoteWebDriver.execute(RemoteWebDriver.java:552)
  at org.openqa.selenium.remote.RemoteWebElement.execute(RemoteWebElement.java:285)
  at org.openqa.selenium.remote.RemoteWebElement.sendKeys(RemoteWebElement.java:106)
  at Steps.LoginStep.iShouldSeeTheUserformPage(LoginStep.java:22)
  at ?.Then I should see the userform page(C:/Users/Admin/IdeaProjects/CucumberBasics/src/test/java/Features/Login.feature:8)
</output>
            </test>
        </suite>
    </suite>
</testrun>
